<?xml version="1.0" encoding="UTF-8"?>
<!-- Generated by org.testng.reporters.JUnitReportReporter -->
<testsuite hostname="DELLInspiron15" failures="0" tests="1" name="framework.FrameworkBuild.ValidateTitle" time="0.055" errors="0" timestamp="08 Dec 2020 18:13:39 GMT" skipped="0">
  <testcase classname="framework.FrameworkBuild.ValidateTitle" name="basNavigationBar" time="0.055"/>
</testsuite> <!-- framework.FrameworkBuild.ValidateTitle -->
