<?xml version="1.0" encoding="UTF-8"?>
<!-- Generated by org.testng.reporters.JUnitReportReporter -->
<testsuite hostname="DELLInspiron15" failures="0" tests="2" name="framework.FrameworkBuild.HomePage" time="7.947" errors="0" timestamp="08 Dec 2020 18:13:39 GMT" skipped="0">
  <testcase classname="framework.FrameworkBuild.HomePage" name="BaseIntialization" time="1.512"/>
  <testcase classname="framework.FrameworkBuild.HomePage" name="BaseIntialization" time="6.435"/>
</testsuite> <!-- framework.FrameworkBuild.HomePage -->
