<?xml version="1.0" encoding="UTF-8"?>
<!-- Generated by org.testng.reporters.JUnitReportReporter -->
<testsuite hostname="DELLInspiron15" failures="0" tests="1" name="framework.FrameworkBuild.UploadandDownloadFile" time="19.163" errors="0" timestamp="21 Dec 2020 17:51:32 GMT" skipped="0">
  <testcase classname="framework.FrameworkBuild.UploadandDownloadFile" name="UploadDownload" time="19.163"/>
</testsuite> <!-- framework.FrameworkBuild.UploadandDownloadFile -->
